0 info it worked if it ends with ok
1 verbose cli [ '/usr/bin/node', '/usr/bin/npm', 'install', '-g', 'less' ]
2 info using npm@2.14.12
3 info using node@v4.2.6
4 verbose install initial load of /usr/lib/package.json
5 verbose readDependencies loading dependencies from /usr/lib/package.json
6 silly cache add args [ 'less', null ]
7 verbose cache add spec less
8 silly cache add parsed spec Result {
8 silly cache add   raw: 'less',
8 silly cache add   scope: null,
8 silly cache add   name: 'less',
8 silly cache add   rawSpec: '',
8 silly cache add   spec: 'latest',
8 silly cache add   type: 'tag' }
9 silly addNamed less@latest
10 verbose addNamed "latest" is being treated as a dist-tag for less
11 info addNameTag [ 'less', 'latest' ]
12 silly mapToRegistry name less
13 silly mapToRegistry using default registry
14 silly mapToRegistry registry https://registry.npmjs.org/
15 silly mapToRegistry uri https://registry.npmjs.org/less
16 verbose addNameTag registry:https://registry.npmjs.org/less not in flight; fetching
17 verbose request uri https://registry.npmjs.org/less
18 verbose request no auth needed
19 info attempt registry request try #1 at 6:35:33 PM
20 verbose request id 7c64dfd3070eb2fe
21 http request GET https://registry.npmjs.org/less
22 http 200 https://registry.npmjs.org/less
23 verbose headers { server: 'CouchDB/1.5.0 (Erlang OTP/R16B03)',
23 verbose headers   etag: '"4PVDGZBUF7VVPCEEPTBN5F5IV"',
23 verbose headers   'content-type': 'application/json',
23 verbose headers   'cache-control': 'max-age=300',
23 verbose headers   'content-length': '101389',
23 verbose headers   'accept-ranges': 'bytes',
23 verbose headers   date: 'Sun, 31 Jan 2016 21:35:34 GMT',
23 verbose headers   via: '1.1 varnish',
23 verbose headers   age: '19',
23 verbose headers   connection: 'keep-alive',
23 verbose headers   'x-served-by': 'cache-jfk1026-JFK',
23 verbose headers   'x-cache': 'HIT',
23 verbose headers   'x-cache-hits': '1',
23 verbose headers   'x-timer': 'S1454276134.182527,VS0,VE0',
23 verbose headers   vary: 'Accept' }
24 silly get cb [ 200,
24 silly get   { server: 'CouchDB/1.5.0 (Erlang OTP/R16B03)',
24 silly get     etag: '"4PVDGZBUF7VVPCEEPTBN5F5IV"',
24 silly get     'content-type': 'application/json',
24 silly get     'cache-control': 'max-age=300',
24 silly get     'content-length': '101389',
24 silly get     'accept-ranges': 'bytes',
24 silly get     date: 'Sun, 31 Jan 2016 21:35:34 GMT',
24 silly get     via: '1.1 varnish',
24 silly get     age: '19',
24 silly get     connection: 'keep-alive',
24 silly get     'x-served-by': 'cache-jfk1026-JFK',
24 silly get     'x-cache': 'HIT',
24 silly get     'x-cache-hits': '1',
24 silly get     'x-timer': 'S1454276134.182527,VS0,VE0',
24 silly get     vary: 'Accept' } ]
25 verbose get saving less to /home/Amanda/.npm/registry.npmjs.org/less/.cache.json
26 silly addNameTag next cb for less with tag latest
27 silly addNamed less@2.6.0
28 verbose addNamed "2.6.0" is a plain semver version for less
29 silly mapToRegistry name less
30 silly mapToRegistry using default registry
31 silly mapToRegistry registry https://registry.npmjs.org/
32 silly mapToRegistry uri https://registry.npmjs.org/less
33 verbose addRemoteTarball https://registry.npmjs.org/less/-/less-2.6.0.tgz not in flight; adding
34 verbose addRemoteTarball [ 'https://registry.npmjs.org/less/-/less-2.6.0.tgz',
34 verbose addRemoteTarball   'ba4cbf4ce5a208f266ef59eef2ec409ad1044966' ]
35 info retry fetch attempt 1 at 6:35:34 PM
36 info attempt registry request try #1 at 6:35:34 PM
37 http fetch GET https://registry.npmjs.org/less/-/less-2.6.0.tgz
38 http fetch 200 https://registry.npmjs.org/less/-/less-2.6.0.tgz
39 silly fetchAndShaCheck shasum ba4cbf4ce5a208f266ef59eef2ec409ad1044966
40 verbose addTmpTarball /tmp/npm-3507-c73708a0/registry.npmjs.org/less/-/less-2.6.0.tgz not in flight; adding
41 verbose addTmpTarball already have metadata; skipping unpack for less@2.6.0
42 silly cache afterAdd less@2.6.0
43 verbose afterAdd /home/Amanda/.npm/less/2.6.0/package/package.json not in flight; writing
44 verbose afterAdd /home/Amanda/.npm/less/2.6.0/package/package.json written
45 silly install resolved [ { name: 'less',
45 silly install resolved     version: '2.6.0',
45 silly install resolved     description: 'Leaner CSS',
45 silly install resolved     homepage: 'http://lesscss.org',
45 silly install resolved     author: { name: 'Alexis Sellier', email: 'self@cloudhead.net' },
45 silly install resolved     contributors: [ [Object] ],
45 silly install resolved     bugs: { url: 'https://github.com/less/less.js/issues' },
45 silly install resolved     repository: { type: 'git', url: 'git+https://github.com/less/less.js.git' },
45 silly install resolved     license: 'Apache-2.0',
45 silly install resolved     bin: { lessc: './bin/lessc' },
45 silly install resolved     main: 'index',
45 silly install resolved     directories: { test: './test' },
45 silly install resolved     jam: { main: './dist/less.js' },
45 silly install resolved     browser: './dist/less.js',
45 silly install resolved     engines: { node: '>=0.10.0' },
45 silly install resolved     scripts: { test: 'grunt test' },
45 silly install resolved     optionalDependencies:
45 silly install resolved      { errno: '^0.1.1',
45 silly install resolved        'graceful-fs': '^3.0.5',
45 silly install resolved        'image-size': '~0.3.5',
45 silly install resolved        mime: '^1.2.11',
45 silly install resolved        mkdirp: '^0.5.0',
45 silly install resolved        promise: '^6.0.1',
45 silly install resolved        request: '^2.51.0',
45 silly install resolved        'source-map': '^0.4.2' },
45 silly install resolved     devDependencies:
45 silly install resolved      { diff: '^1.0',
45 silly install resolved        grunt: '^0.4.5',
45 silly install resolved        'grunt-browserify': '~3.5.0',
45 silly install resolved        'grunt-contrib-clean': '^0.6.0',
45 silly install resolved        'grunt-contrib-concat': '^0.5.0',
45 silly install resolved        'grunt-contrib-connect': '^0.9.0',
45 silly install resolved        'grunt-contrib-jasmine': '^0.8.2',
45 silly install resolved        'grunt-contrib-jshint': '^0.11.0',
45 silly install resolved        'grunt-contrib-uglify': '^0.8.0',
45 silly install resolved        'grunt-jscs': '^1.6.0',
45 silly install resolved        'grunt-saucelabs': '^8.3.2',
45 silly install resolved        'grunt-shell': '^1.1.1',
45 silly install resolved        'jit-grunt': '^0.9.1',
45 silly install resolved        'time-grunt': '^1.0.0' },
45 silly install resolved     keywords:
45 silly install resolved      [ 'compile less',
45 silly install resolved        'css nesting',
45 silly install resolved        'css variable',
45 silly install resolved        'css',
45 silly install resolved        'gradients css',
45 silly install resolved        'gradients css3',
45 silly install resolved        'less compiler',
45 silly install resolved        'less css',
45 silly install resolved        'less mixins',
45 silly install resolved        'less',
45 silly install resolved        'less.js',
45 silly install resolved        'lesscss',
45 silly install resolved        'mixins',
45 silly install resolved        'nested css',
45 silly install resolved        'parser',
45 silly install resolved        'preprocessor',
45 silly install resolved        'bootstrap css',
45 silly install resolved        'bootstrap less',
45 silly install resolved        'style',
45 silly install resolved        'styles',
45 silly install resolved        'stylesheet',
45 silly install resolved        'variables in css',
45 silly install resolved        'css less' ],
45 silly install resolved     gitHead: '633e499566a05c5cb667a2183eb1478d31e6e92c',
45 silly install resolved     dependencies:
45 silly install resolved      { errno: '^0.1.1',
45 silly install resolved        'graceful-fs': '^3.0.5',
45 silly install resolved        'image-size': '~0.3.5',
45 silly install resolved        mime: '^1.2.11',
45 silly install resolved        mkdirp: '^0.5.0',
45 silly install resolved        promise: '^6.0.1',
45 silly install resolved        request: '^2.51.0',
45 silly install resolved        'source-map': '^0.4.2' },
45 silly install resolved     _id: 'less@2.6.0',
45 silly install resolved     _shasum: 'ba4cbf4ce5a208f266ef59eef2ec409ad1044966',
45 silly install resolved     _from: 'less@latest',
45 silly install resolved     _npmVersion: '3.6.0',
45 silly install resolved     _nodeVersion: '5.4.1',
45 silly install resolved     _npmUser: { name: 'matthew-dean', email: 'matthewdean.me@gmail.com' },
45 silly install resolved     dist:
45 silly install resolved      { shasum: 'ba4cbf4ce5a208f266ef59eef2ec409ad1044966',
45 silly install resolved        tarball: 'http://registry.npmjs.org/less/-/less-2.6.0.tgz' },
45 silly install resolved     maintainers: [ [Object], [Object], [Object] ],
45 silly install resolved     _resolved: 'https://registry.npmjs.org/less/-/less-2.6.0.tgz' } ]
46 info install less@2.6.0 into /usr/lib
47 info installOne less@2.6.0
48 verbose installOne of less to /usr/lib not in flight; installing
49 verbose lock using /home/Amanda/.npm/_locks/less-9b3d1f262d2364a9.lock for /usr/lib/node_modules/less
50 silly install write writing less 2.6.0 to /usr/lib/node_modules/less
51 verbose unbuild lib/node_modules/less
52 silly gentlyRm /usr/lib/node_modules/less is being purged from base /usr
53 verbose gentlyRm don't care about contents; nuking /usr/lib/node_modules/less
54 verbose tar unpack /home/Amanda/.npm/less/2.6.0/package.tgz
55 verbose tar unpacking to /usr/lib/node_modules/less
56 silly gentlyRm /usr/lib/node_modules/less is being purged
57 verbose gentlyRm don't care about contents; nuking /usr/lib/node_modules/less
58 silly gunzTarPerm modes [ '775', '664' ]
59 error tar.unpack untar error /home/Amanda/.npm/less/2.6.0/package.tgz
60 verbose unlock done using /home/Amanda/.npm/_locks/less-9b3d1f262d2364a9.lock for /usr/lib/node_modules/less
61 verbose fstream_path /usr/lib/node_modules/less
62 verbose fstream_type Directory
63 verbose fstream_class DirWriter
64 verbose stack Error: EACCES: permission denied, mkdir '/usr/lib/node_modules/less'
64 verbose stack     at Error (native)
65 verbose fstream_stack /usr/lib/node_modules/npm/node_modules/fstream/lib/dir-writer.js:35:25
65 verbose fstream_stack /usr/lib/node_modules/npm/node_modules/mkdirp/index.js:47:53
65 verbose fstream_stack FSReqWrap.oncomplete (fs.js:82:15)
66 verbose cwd /home/Amanda/Desktop/Coursera/conFusion/css
67 error Linux 4.1.13-100.fc21.x86_64
68 error argv "/usr/bin/node" "/usr/bin/npm" "install" "-g" "less"
69 error node v4.2.6
70 error npm  v2.14.12
71 error path /usr/lib/node_modules/less
72 error code EACCES
73 error errno -13
74 error syscall mkdir
75 error Error: EACCES: permission denied, mkdir '/usr/lib/node_modules/less'
75 error     at Error (native)
75 error  { [Error: EACCES: permission denied, mkdir '/usr/lib/node_modules/less']
75 error   errno: -13,
75 error   code: 'EACCES',
75 error   syscall: 'mkdir',
75 error   path: '/usr/lib/node_modules/less',
75 error   fstream_type: 'Directory',
75 error   fstream_path: '/usr/lib/node_modules/less',
75 error   fstream_class: 'DirWriter',
75 error   fstream_stack:
75 error    [ '/usr/lib/node_modules/npm/node_modules/fstream/lib/dir-writer.js:35:25',
75 error      '/usr/lib/node_modules/npm/node_modules/mkdirp/index.js:47:53',
75 error      'FSReqWrap.oncomplete (fs.js:82:15)' ] }
76 error Please try running this command again as root/Administrator.
77 verbose exit [ -13, true ]
78 verbose unbuild lib/node_modules/less
79 silly gentlyRm /usr/lib/node_modules/less is being purged from base /usr
80 verbose gentlyRm don't care about contents; nuking /usr/lib/node_modules/less
